This file contains any messages produced by compilers while
running configure, to aid debugging if configure makes a mistake.

It was created by configure, which was
generated by GNU Autoconf 2.53.  Invocation command line was

  $ ./configure 

## --------- ##
## Platform. ##
## --------- ##

hostname = rodrigo-VirtualBox
uname -m = i686
uname -r = 3.11.0-19-generic
uname -s = Linux
uname -v = #33~precise1-Ubuntu SMP Wed Mar 12 21:17:09 UTC 2014

/usr/bin/uname -p = unknown
/bin/uname -X     = unknown

/bin/arch              = unknown
/usr/bin/arch -k       = unknown
/usr/convex/getsysinfo = unknown
hostinfo               = unknown
/bin/machine           = unknown
/usr/bin/oslevel       = unknown
/bin/universe          = unknown

PATH: /usr/local/sbin
PATH: /usr/local/bin
PATH: /usr/sbin
PATH: /usr/bin
PATH: /sbin
PATH: /bin
PATH: /home/rodrigo/.rvm/bin


## ----------- ##
## Core tests. ##
## ----------- ##

configure:1404: checking for a BSD-compatible install
configure:1458: result: /usr/bin/install -c
configure:1469: checking whether build environment is sane
configure:1512: result: yes
configure:1537: WARNING: `missing' script is too old or missing
configure:1545: checking for gawk
configure:1561: found /usr/bin/gawk
configure:1571: result: gawk
configure:1581: checking whether make sets ${MAKE}
configure:1601: result: yes
configure:1799: checking for gcc
configure:1815: found /usr/bin/gcc
configure:1825: result: gcc
configure:1844: checking for C compiler version
configure:1847: gcc --version </dev/null >&5
gcc (Ubuntu/Linaro 4.6.3-1ubuntu5) 4.6.3
Copyright (C) 2011 Free Software Foundation, Inc.
This is free software; see the source for copying conditions.  There is NO
warranty; not even for MERCHANTABILITY or FITNESS FOR A PARTICULAR PURPOSE.

configure:1850: $? = 0
configure:1852: gcc -v </dev/null >&5
Using built-in specs.
COLLECT_GCC=gcc
COLLECT_LTO_WRAPPER=/usr/lib/gcc/i686-linux-gnu/4.6/lto-wrapper
Target: i686-linux-gnu
Configured with: ../src/configure -v --with-pkgversion='Ubuntu/Linaro 4.6.3-1ubuntu5' --with-bugurl=file:///usr/share/doc/gcc-4.6/README.Bugs --enable-languages=c,c++,fortran,objc,obj-c++ --prefix=/usr --program-suffix=-4.6 --enable-shared --enable-linker-build-id --with-system-zlib --libexecdir=/usr/lib --without-included-gettext --enable-threads=posix --with-gxx-include-dir=/usr/include/c++/4.6 --libdir=/usr/lib --enable-nls --with-sysroot=/ --enable-clocale=gnu --enable-libstdcxx-debug --enable-libstdcxx-time=yes --enable-gnu-unique-object --enable-plugin --enable-objc-gc --enable-targets=all --disable-werror --with-arch-32=i686 --with-tune=generic --enable-checking=release --build=i686-linux-gnu --host=i686-linux-gnu --target=i686-linux-gnu
Thread model: posix
gcc version 4.6.3 (Ubuntu/Linaro 4.6.3-1ubuntu5) 
configure:1855: $? = 0
configure:1857: gcc -V </dev/null >&5
gcc: error: unrecognized option '-V'
gcc: fatal error: no input files
compilation terminated.
configure:1860: $? = 4
configure:1886: checking for C compiler default output
configure:1889: gcc    conftest.c  >&5
configure:1892: $? = 0
configure:1925: result: a.out
configure:1930: checking whether the C compiler works
configure:1936: ./a.out
configure:1939: $? = 0
configure:1954: result: yes
configure:1961: checking whether we are cross compiling
configure:1963: result: no
configure:1966: checking for suffix of executables
configure:1968: gcc -o conftest    conftest.c  >&5
configure:1971: $? = 0
configure:1993: result: 
configure:1999: checking for suffix of object files
configure:2023: gcc -c   conftest.c >&5
configure:2026: $? = 0
configure:2045: result: o
configure:2049: checking whether we are using the GNU C compiler
configure:2076: gcc -c   conftest.c >&5
configure:2079: $? = 0
configure:2082: test -s conftest.o
configure:2085: $? = 0
configure:2097: result: yes
configure:2103: checking whether gcc accepts -g
configure:2127: gcc -c -g  conftest.c >&5
configure:2130: $? = 0
configure:2133: test -s conftest.o
configure:2136: $? = 0
configure:2146: result: yes
configure:2173: gcc -c -g -O2  conftest.c >&5
conftest.c:2:3: error: unknown type name 'choke'
conftest.c:2:3: error: expected '=', ',', ';', 'asm' or '__attribute__' at end of input
configure:2176: $? = 1
configure: failed program was:
#ifndef __cplusplus
  choke me
#endif
configure:2305: checking for style of include used by make
configure:2333: result: GNU
configure:2361: checking dependency style of gcc
configure:2423: result: gcc3
configure:2428: checking whether make sets ${MAKE}
configure:2448: result: yes
configure:2529: checking build system type
configure:2547: result: i686-pc-linux-gnu
configure:2555: checking host system type
configure:2569: result: i686-pc-linux-gnu
configure:2599: checking for ld used by GCC
configure:2662: result: /usr/bin/ld
configure:2671: checking if the linker (/usr/bin/ld) is GNU ld
GNU ld (GNU Binutils for Ubuntu) 2.22
configure:2683: result: yes
configure:2688: checking for /usr/bin/ld option to reload object files
configure:2695: result: -r
configure:2700: checking for BSD-compatible nm
configure:2736: result: /usr/bin/nm -B
configure:2739: checking whether ln -s works
configure:2743: result: yes
configure:2750: checking how to recognise dependant libraries
configure:2928: result: pass_all
configure:2941: checking command to parse /usr/bin/nm -B output
configure:3022: gcc -c -g -O2  conftest.c >&5
configure:3025: $? = 0
configure:3029: /usr/bin/nm -B conftest.o \| sed -n -e 's/^.*[ 	]\([ABCDGISTW][ABCDGISTW]*\)[ 	][ 	]*\(\)\([_A-Za-z][_A-Za-z0-9]*\)$/\1 \2\3 \3/p' \> conftest.nm
configure:3032: $? = 0
configure:3084: gcc -o conftest -g -O2   conftest.c conftstm.o >&5
configure:3087: $? = 0
configure:3131: result: ok
configure:3140: checking how to run the C preprocessor
configure:3166: gcc -E  conftest.c
configure:3172: $? = 0
configure:3199: gcc -E  conftest.c
configure:3195:28: fatal error: ac_nonexistent.h: No such file or directory
compilation terminated.
configure:3205: $? = 1
configure: failed program was:
#line 3194 "configure"
#include "confdefs.h"
#include <ac_nonexistent.h>
configure:3242: result: gcc -E
configure:3257: gcc -E  conftest.c
configure:3263: $? = 0
configure:3290: gcc -E  conftest.c
configure:3286:28: fatal error: ac_nonexistent.h: No such file or directory
compilation terminated.
configure:3296: $? = 1
configure: failed program was:
#line 3285 "configure"
#include "confdefs.h"
#include <ac_nonexistent.h>
configure:3336: checking for ANSI C header files
configure:3350: gcc -E  conftest.c
configure:3356: $? = 0
configure:3443: gcc -o conftest -g -O2   conftest.c  >&5
configure: In function 'main':
configure:3434:7: warning: incompatible implicit declaration of built-in function 'exit' [enabled by default]
configure:3446: $? = 0
configure:3448: ./conftest
configure:3451: $? = 0
configure:3465: result: yes
configure:3489: checking for sys/types.h
configure:3502: gcc -c -g -O2  conftest.c >&5
configure:3505: $? = 0
configure:3508: test -s conftest.o
configure:3511: $? = 0
configure:3521: result: yes
configure:3489: checking for sys/stat.h
configure:3502: gcc -c -g -O2  conftest.c >&5
configure:3505: $? = 0
configure:3508: test -s conftest.o
configure:3511: $? = 0
configure:3521: result: yes
configure:3489: checking for stdlib.h
configure:3502: gcc -c -g -O2  conftest.c >&5
configure:3505: $? = 0
configure:3508: test -s conftest.o
configure:3511: $? = 0
configure:3521: result: yes
configure:3489: checking for string.h
configure:3502: gcc -c -g -O2  conftest.c >&5
configure:3505: $? = 0
configure:3508: test -s conftest.o
configure:3511: $? = 0
configure:3521: result: yes
configure:3489: checking for memory.h
configure:3502: gcc -c -g -O2  conftest.c >&5
configure:3505: $? = 0
configure:3508: test -s conftest.o
configure:3511: $? = 0
configure:3521: result: yes
configure:3489: checking for strings.h
configure:3502: gcc -c -g -O2  conftest.c >&5
configure:3505: $? = 0
configure:3508: test -s conftest.o
configure:3511: $? = 0
configure:3521: result: yes
configure:3489: checking for inttypes.h
configure:3502: gcc -c -g -O2  conftest.c >&5
configure:3505: $? = 0
configure:3508: test -s conftest.o
configure:3511: $? = 0
configure:3521: result: yes
configure:3489: checking for stdint.h
configure:3502: gcc -c -g -O2  conftest.c >&5
configure:3505: $? = 0
configure:3508: test -s conftest.o
configure:3511: $? = 0
configure:3521: result: yes
configure:3489: checking for unistd.h
configure:3502: gcc -c -g -O2  conftest.c >&5
configure:3505: $? = 0
configure:3508: test -s conftest.o
configure:3511: $? = 0
configure:3521: result: yes
configure:3547: checking dlfcn.h usability
configure:3556: gcc -c -g -O2  conftest.c >&5
configure:3559: $? = 0
configure:3562: test -s conftest.o
configure:3565: $? = 0
configure:3574: result: yes
configure:3578: checking dlfcn.h presence
configure:3585: gcc -E  conftest.c
configure:3591: $? = 0
configure:3609: result: yes
configure:3627: checking for dlfcn.h
configure:3634: result: yes
configure:3831: checking for ranlib
configure:3847: found /usr/bin/ranlib
configure:3858: result: ranlib
configure:3911: checking for strip
configure:3927: found /usr/bin/strip
configure:3938: result: strip
configure:4149: checking for objdir
configure:4160: result: .libs
configure:4177: checking for gcc option to produce PIC
configure:4327: result: -fPIC
configure:4331: checking if gcc PIC flag -fPIC works
configure:4357: gcc -c -g -O2 -fPIC -DPIC  conftest.c >&5
configure:4360: $? = 0
configure:4363: test -s conftest.o
configure:4366: $? = 0
configure:4403: result: yes
configure:4419: checking if gcc static flag -static works
configure:4446: gcc -o conftest -g -O2   -static conftest.c  >&5
configure:4449: $? = 0
configure:4452: test -s conftest
configure:4455: $? = 0
configure:4470: result: yes
configure:4482: checking if gcc supports -c -o file.o
configure:4502: gcc -c -g -O2 -o out/conftest2.o  conftest.c >&5
configure:4526: result: yes
configure:4531: checking if gcc supports -c -o file.lo
configure:4561: gcc -c -g -O2 -c -o conftest.lo  conftest.c >&5
configure:4564: $? = 0
configure:4567: test -s conftest.lo
configure:4570: $? = 0
configure:4591: result: yes
configure:4622: checking if gcc supports -fno-rtti -fno-exceptions
configure:4647: gcc -c -g -O2 -fno-rtti -fno-exceptions -c conftest.c  conftest.c >&5
cc1: warning: command line option '-fno-rtti' is valid for C++/ObjC++ but not for C [enabled by default]
cc1: warning: command line option '-fno-rtti' is valid for C++/ObjC++ but not for C [enabled by default]
configure:4650: $? = 0
configure:4653: test -s conftest.o
configure:4656: $? = 0
configure:4672: result: yes
configure:4683: checking whether the linker (/usr/bin/ld) supports shared libraries
configure:5363: result: yes
configure:5368: checking how to hardcode library paths into programs
configure:5392: result: immediate
configure:5397: checking whether stripping libraries is possible
configure:5402: result: yes
configure:5413: checking dynamic linker characteristics
configure:5806: result: GNU/Linux ld.so
configure:5811: checking if libtool supports shared libraries
configure:5813: result: yes
configure:5816: checking whether to build shared libraries
configure:5837: result: yes
configure:5840: checking whether to build static libraries
configure:5844: result: yes
configure:6506: checking whether -lc should be explicitly linked in
configure:6514: gcc -c -g -O2  conftest.c >&5
configure:6517: $? = 0
configure:6531: gcc -shared conftest.o  -v -Wl,-soname -Wl,conftest -o conftest 2\>\&1 \| grep  -lc  \>/dev/null 2\>\&1
configure:6534: $? = 0
configure:6547: result: no
configure:7121: checking for flex
configure:7137: found /usr/bin/flex
configure:7147: result: flex
configure:7160: checking for yywrap in -lfl
configure:7193: gcc -o conftest -g -O2   conftest.c -lfl   >&5
configure:7196: $? = 0
configure:7199: test -s conftest
configure:7202: $? = 0
configure:7213: result: yes
configure:7282: checking lex output file root
configure:7293: flex conftest.l
configure:7296: $? = 0
configure:7308: result: lex.yy
configure:7313: checking whether yytext is a pointer
configure:7329: gcc -o conftest -g -O2   conftest.c  -lfl >&5
configure:7332: $? = 0
configure:7335: test -s conftest
configure:7338: $? = 0
configure:7350: result: yes
configure:7368: checking for bison
configure:7384: found /usr/bin/bison
configure:7394: result: bison -y
configure:7406: checking for ANSI C header files
configure:7535: result: yes
configure:7561: checking fcntl.h usability
configure:7570: gcc -c -g -O2  conftest.c >&5
configure:7573: $? = 0
configure:7576: test -s conftest.o
configure:7579: $? = 0
configure:7588: result: yes
configure:7592: checking fcntl.h presence
configure:7599: gcc -E  conftest.c
configure:7605: $? = 0
configure:7623: result: yes
configure:7641: checking for fcntl.h
configure:7648: result: yes
configure:7561: checking limits.h usability
configure:7570: gcc -c -g -O2  conftest.c >&5
configure:7573: $? = 0
configure:7576: test -s conftest.o
configure:7579: $? = 0
configure:7588: result: yes
configure:7592: checking limits.h presence
configure:7599: gcc -E  conftest.c
configure:7605: $? = 0
configure:7623: result: yes
configure:7641: checking for limits.h
configure:7648: result: yes
configure:7552: checking for unistd.h
configure:7557: result: yes
configure:7675: checking wordexp.h usability
configure:7684: gcc -c -g -O2  conftest.c >&5
configure:7687: $? = 0
configure:7690: test -s conftest.o
configure:7693: $? = 0
configure:7702: result: yes
configure:7706: checking wordexp.h presence
configure:7713: gcc -E  conftest.c
configure:7719: $? = 0
configure:7737: result: yes
configure:7755: checking for wordexp.h
configure:7762: result: yes
configure:7776: checking for gcc option to accept ANSI C
configure:7839: gcc  -c -g -O2  conftest.c >&5
configure:7842: $? = 0
configure:7845: test -s conftest.o
configure:7848: $? = 0
configure:7865: result: none needed
configure:7873: checking for an ANSI C-conforming const
configure:7943: gcc -c -g -O2  conftest.c >&5
configure:7946: $? = 0
configure:7949: test -s conftest.o
configure:7952: $? = 0
configure:7962: result: yes
configure:7972: checking for size_t
configure:7999: gcc -c -g -O2  conftest.c >&5
configure:8002: $? = 0
configure:8005: test -s conftest.o
configure:8008: $? = 0
configure:8018: result: yes
configure:8030: checking whether byte ordering is bigendian
configure:8060: gcc -c -g -O2  conftest.c >&5
configure:8063: $? = 0
configure:8066: test -s conftest.o
configure:8069: $? = 0
configure:8096: gcc -c -g -O2  conftest.c >&5
configure: In function 'main':
configure:8086:2: error: unknown type name 'not'
configure:8086:10: error: expected '=', ',', ';', 'asm' or '__attribute__' before 'endian'
configure:8099: $? = 1
configure: failed program was:
#line 8072 "configure"
#include "confdefs.h"
#include <sys/types.h>
#include <sys/param.h>

#ifdef F77_DUMMY_MAIN
#  ifdef __cplusplus
     extern "C"
#  endif
   int F77_DUMMY_MAIN() { return 1; }
#endif
int
main ()
{
#if BYTE_ORDER != BIG_ENDIAN
 not big endian
#endif

  ;
  return 0;
}
configure:8213: result: no
configure:8237: checking Are we using flex 
configure:8241: result: yes 
configure:8346: checking for pkg-config
configure:8364: found /usr/bin/pkg-config
configure:8377: result: /usr/bin/pkg-config
configure:8400: checking for GLIB - version >= 2.0.0
configure:8516: gcc -o conftest -g -O2 -DSQL -I/usr/include/glib-2.0 -I/usr/lib/i386-linux-gnu/glib-2.0/include     conftest.c -lglib-2.0    >&5
configure: In function 'main':
configure:8451:10: warning: ignoring return value of 'system', declared with attribute warn_unused_result [-Wunused-result]
configure:8519: $? = 0
configure:8521: ./conftest
configure:8524: $? = 0
configure:8541: result: yes (version 2.32.4)
configure:8689: checking for libglade-2.0 libgnomeui-2.0
configure:8745: checking for initscr in -lncurses
configure:8778: gcc -o conftest -g -O2 -DSQL   conftest.c -lncurses   >&5
configure:8781: $? = 0
configure:8784: test -s conftest
configure:8787: $? = 0
configure:8798: result: yes
configure:8808: checking for add_history in -lreadline
configure:8841: gcc -o conftest -g -O2 -DSQL   -lncurses conftest.c -lreadline   >&5
configure:8844: $? = 0
configure:8847: test -s conftest
configure:8850: $? = 0
configure:8861: result: yes
configure:9012: creating ./config.status

## ---------------------- ##
## Running config.status. ##
## ---------------------- ##

This file was extended by config.status, which was
generated by GNU Autoconf 2.53.  Invocation command line was

  CONFIG_FILES    = 
  CONFIG_HEADERS  = 
  CONFIG_LINKS    = 
  CONFIG_COMMANDS = 
  $ ./config.status 

on rodrigo-VirtualBox

config.status:642: creating src/Makefile
config.status:642: creating src/util/Makefile
config.status:642: creating src/extras/Makefile
config.status:642: creating Makefile
config.status:642: creating include/Makefile
config.status:642: creating src/Makefile
config.status:642: creating src/libmdb/Makefile
config.status:642: creating include/Makefile
config.status:642: creating src/sql/Makefile
config.status:642: creating src/odbc/Makefile
config.status:642: creating doc/Makefile
config.status:642: creating src/gmdb2/Makefile
config.status:642: creating src/gmdb2/gladefiles/Makefile
config.status:642: creating src/gmdb2/pixmaps/Makefile
config.status:642: creating src/gmdb2/help/Makefile
config.status:642: creating src/gmdb2/help/C/Makefile
config.status:642: creating mdbtools.spec
config.status:767: executing depfiles commands

## ---------------- ##
## Cache variables. ##
## ---------------- ##

ac_cv_build=i686-pc-linux-gnu
ac_cv_build_alias=i686-pc-linux-gnu
ac_cv_c_bigendian=no
ac_cv_c_compiler_gnu=yes
ac_cv_c_const=yes
ac_cv_env_CC_set=
ac_cv_env_CC_value=
ac_cv_env_CFLAGS_set=
ac_cv_env_CFLAGS_value=
ac_cv_env_CPPFLAGS_set=
ac_cv_env_CPPFLAGS_value=
ac_cv_env_CPP_set=
ac_cv_env_CPP_value=
ac_cv_env_LDFLAGS_set=
ac_cv_env_LDFLAGS_value=
ac_cv_env_build_alias_set=
ac_cv_env_build_alias_value=
ac_cv_env_host_alias_set=
ac_cv_env_host_alias_value=
ac_cv_env_target_alias_set=
ac_cv_env_target_alias_value=
ac_cv_exeext=
ac_cv_header_dlfcn_h=yes
ac_cv_header_fcntl_h=yes
ac_cv_header_inttypes_h=yes
ac_cv_header_limits_h=yes
ac_cv_header_memory_h=yes
ac_cv_header_stdc=yes
ac_cv_header_stdint_h=yes
ac_cv_header_stdlib_h=yes
ac_cv_header_string_h=yes
ac_cv_header_strings_h=yes
ac_cv_header_sys_stat_h=yes
ac_cv_header_sys_types_h=yes
ac_cv_header_unistd_h=yes
ac_cv_header_wordexp_h=yes
ac_cv_host=i686-pc-linux-gnu
ac_cv_host_alias=i686-pc-linux-gnu
ac_cv_lib_fl_yywrap=yes
ac_cv_lib_ncurses_initscr=yes
ac_cv_lib_readline_add_history=yes
ac_cv_objext=o
ac_cv_path_PKG_CONFIG=/usr/bin/pkg-config
ac_cv_path_install='/usr/bin/install -c'
ac_cv_prog_AWK=gawk
ac_cv_prog_CPP='gcc -E'
ac_cv_prog_LEX=flex
ac_cv_prog_YACC='bison -y'
ac_cv_prog_ac_ct_CC=gcc
ac_cv_prog_ac_ct_RANLIB=ranlib
ac_cv_prog_ac_ct_STRIP=strip
ac_cv_prog_cc_g=yes
ac_cv_prog_cc_stdc=
ac_cv_prog_lex_root=lex.yy
ac_cv_prog_lex_yytext_pointer=yes
ac_cv_prog_make_make_set=yes
ac_cv_type_size_t=yes
am_cv_CC_dependencies_compiler_type=gcc3
lt_cv_archive_cmds_need_lc=no
lt_cv_compiler_c_o=yes
lt_cv_compiler_o_lo=yes
lt_cv_deplibs_check_method=pass_all
lt_cv_file_magic_cmd='$MAGIC_CMD'
lt_cv_file_magic_test_file='/lib/libc.so* /lib/libc-*.so'
lt_cv_global_symbol_to_c_name_address='sed -n -e '\''s/^: \([^ ]*\) $/  {\"\1\", (lt_ptr) 0},/p'\'' -e '\''s/^[BCDEGRST] \([^ ]*\) \([^ ]*\)$/  {"\2", (lt_ptr) \&\2},/p'\'''
lt_cv_global_symbol_to_cdecl='sed -n -e '\''s/^. .* \(.*\)$/extern char \1;/p'\'''
lt_cv_ld_reload_flag=-r
lt_cv_path_LD=/usr/bin/ld
lt_cv_path_NM='/usr/bin/nm -B'
lt_cv_prog_cc_can_build_shared=yes
lt_cv_prog_cc_no_builtin=
lt_cv_prog_cc_pic=' -fPIC'
lt_cv_prog_cc_pic_works=yes
lt_cv_prog_cc_shlib=
lt_cv_prog_cc_static=-static
lt_cv_prog_cc_static_works=yes
lt_cv_prog_cc_wl=-Wl,
lt_cv_prog_gnu_ld=yes
lt_cv_sys_global_symbol_pipe='sed -n -e '\''s/^.*[ 	]\([ABCDGISTW][ABCDGISTW]*\)[ 	][ 	]*\(\)\([_A-Za-z][_A-Za-z0-9]*\)$/\1 \2\3 \3/p'\'''
lt_cv_sys_path_separator=:

## ----------- ##
## confdefs.h. ##
## ----------- ##

#define PACKAGE_NAME ""
#define PACKAGE_TARNAME ""
#define PACKAGE_VERSION ""
#define PACKAGE_STRING ""
#define PACKAGE_BUGREPORT ""
#define PACKAGE "mdbtools"
#define VERSION "0.5"
#define STDC_HEADERS 1
#define HAVE_SYS_TYPES_H 1
#define HAVE_SYS_STAT_H 1
#define HAVE_STDLIB_H 1
#define HAVE_STRING_H 1
#define HAVE_MEMORY_H 1
#define HAVE_STRINGS_H 1
#define HAVE_INTTYPES_H 1
#define HAVE_STDINT_H 1
#define HAVE_UNISTD_H 1
#define HAVE_DLFCN_H 1
#define YYTEXT_POINTER 1
#define STDC_HEADERS 1
#define HAVE_FCNTL_H 1
#define HAVE_LIMITS_H 1
#define HAVE_UNISTD_H 1
#define HAVE_WORDEXP_H 1
#define HAVE_READLINE 1

configure: exit 0
